[2024-12-03T06:03:03.382Z] Version: A, IP: ::1
[2024-12-03T06:03:08.620Z] Version: A, IP: ::1
[2024-12-03T06:03:39.557Z] Version: A, IP: ::1
[2024-12-03T06:03:59.853Z] Version: A, IP: ::1
[2024-12-03T06:05:20.845Z] Version: A, IP: ::1
[2024-12-03T06:08:09.258Z] Version: B, IP: ::1
[2024-12-03T06:08:42.320Z] Version: B, IP: ::1
[2024-12-03T06:09:05.411Z] Version: B, IP: ::1
[2024-12-03T06:09:35.249Z] Version: B, IP: ::1
[2024-12-03T06:10:33.882Z] Version: B, IP: ::1
[2024-12-03T06:11:40.352Z] Version: A, IP: ::1
[2024-12-03T06:14:07.900Z] Version: A, IP: ::1
[2024-12-03T06:22:40.952Z] Version: B, IP: ::1
[2024-12-03 06:59:26] Version: A, IP: ::1, Timestamp: 2024-12-03T06:59:26.584Z
[2024-12-03 08:17:27] Version: B, IP: ::1, Timestamp: 2024-12-03T08:17:27.240Z
[2024-12-03 08:20:40] Version: A, IP: ::1, Timestamp: 2024-12-03T08:20:40.913Z
[2024-12-03 08:22:29] Version: A, IP: ::1, Timestamp: 2024-12-03T08:22:29.523Z
[2024-12-03 08:26:39] Version: A, IP: ::1, Timestamp: 2024-12-03T08:26:39.677Z
[2024-12-03 08:39:23] Version: A, IP: ::1, Timestamp: 2024-12-03T08:39:23.951Z
[2024-12-03 08:55:53] Version: B, IP: ::1, Timestamp: 2024-12-03T08:55:53.386Z
[2024-12-03 08:56:05] Version: B, IP: ::1, Timestamp: 2024-12-03T08:56:05.697Z
[2024-12-03 09:06:02] Version: B, IP: ::1, Timestamp: 2024-12-03T09:06:02.854Z
[2024-12-03 09:09:23] Version: B, IP: ::1, Timestamp: 2024-12-03T09:09:23.772Z
[2024-12-03 10:59:49] Version: B, IP: ::1, Timestamp: 2024-12-03T10:59:49.109Z
[2024-12-03 11:04:44] Version: A, IP: ::1, Timestamp: 2024-12-03T11:04:44.546Z
[2024-12-03 11:05:18] Version: A, IP: ::1, Timestamp: 2024-12-03T11:05:18.314Z
[2024-12-03 11:09:52] Version: B, IP: ::1, Timestamp: 2024-12-03T11:09:52.946Z
[2024-12-03 11:14:14] Version: B, IP: ::1, Timestamp: 2024-12-03T11:14:14.046Z
[2024-12-03 11:20:34] Version: B, IP: ::1, Timestamp: 2024-12-03T11:20:34.269Z
[2024-12-03 12:08:44] home: A, IP: ::1, Timestamp: 2024-12-03T12:08:44.515Z
